2020-05-03T10:11:21+00:00 CRITICAL Uncaught Error: Call to undefined function wp_skes_post() in D:\xampp\htdocs\markwp\wp-content\plugins\mark-companion\widgets\mark-social-widget.php:35
Stack trace:
#0 D:\xampp\htdocs\markwp\wp-includes\class-wp-widget.php(380): MarkSocialIcons_Widget->widget(Array, Array)
#1 D:\xampp\htdocs\markwp\wp-includes\widgets.php(805): WP_Widget->display_callback(Array, Array)
#2 D:\xampp\htdocs\markwp\wp-content\themes\mark\footer.php(12): dynamic_sidebar('footer-left')
#3 D:\xampp\htdocs\markwp\wp-includes\template.php(723): require_once('D:\\xampp\\htdocs...')
#4 D:\xampp\htdocs\markwp\wp-includes\template.php(672): load_template('D:\\xampp\\htdocs...', true)
#5 D:\xampp\htdocs\markwp\wp-includes\general-template.php(76): locate_template(Array, true)
#6 D:\xampp\htdocs\markwp\wp-content\themes\mark\page-templates\landing.php(23): get_footer()
#7 D:\xampp\htdocs\markwp\wp-includes\template-loader.php(106): include('D:\\xampp\\htdocs...')
#8 D:\xampp\htdocs\markwp\wp-blog-header.php(19): require_once('D:\\xampp\\htd in D:\xampp\htdocs\markwp\wp-content\plugins\mark-companion\widgets\mark-social-widget.php on line 35

2020-05-03T10:11:35+00:00 CRITICAL Uncaught Error: Call to undefined function wp_skes_post() in D:\xampp\htdocs\markwp\wp-content\plugins\mark-companion\widgets\mark-social-widget.php:35
Stack trace:
#0 D:\xampp\htdocs\markwp\wp-includes\class-wp-widget.php(380): MarkSocialIcons_Widget->widget(Array, Array)
#1 D:\xampp\htdocs\markwp\wp-includes\widgets.php(805): WP_Widget->display_callback(Array, Array)
#2 D:\xampp\htdocs\markwp\wp-content\themes\mark\footer.php(12): dynamic_sidebar('footer-left')
#3 D:\xampp\htdocs\markwp\wp-includes\template.php(723): require_once('D:\\xampp\\htdocs...')
#4 D:\xampp\htdocs\markwp\wp-includes\template.php(672): load_template('D:\\xampp\\htdocs...', true)
#5 D:\xampp\htdocs\markwp\wp-includes\general-template.php(76): locate_template(Array, true)
#6 D:\xampp\htdocs\markwp\wp-content\themes\mark\index.php(973): get_footer()
#7 D:\xampp\htdocs\markwp\wp-includes\template-loader.php(106): include('D:\\xampp\\htdocs...')
#8 D:\xampp\htdocs\markwp\wp-blog-header.php(19): require_once('D:\\xampp\\htdocs...')
#9 D:\x in D:\xampp\htdocs\markwp\wp-content\plugins\mark-companion\widgets\mark-social-widget.php on line 35

2020-05-03T10:22:56+00:00 CRITICAL Uncaught Error: Call to undefined function wp_kese_post() in D:\xampp\htdocs\markwp\wp-content\plugins\mark-companion\widgets\mark-social-widget.php:35
Stack trace:
#0 D:\xampp\htdocs\markwp\wp-includes\class-wp-widget.php(380): MarkSocialIcons_Widget->widget(Array, Array)
#1 D:\xampp\htdocs\markwp\wp-includes\widgets.php(805): WP_Widget->display_callback(Array, Array)
#2 D:\xampp\htdocs\markwp\wp-content\themes\mark\footer.php(12): dynamic_sidebar('footer-left')
#3 D:\xampp\htdocs\markwp\wp-includes\template.php(723): require_once('D:\\xampp\\htdocs...')
#4 D:\xampp\htdocs\markwp\wp-includes\template.php(672): load_template('D:\\xampp\\htdocs...', true)
#5 D:\xampp\htdocs\markwp\wp-includes\general-template.php(76): locate_template(Array, true)
#6 D:\xampp\htdocs\markwp\wp-content\themes\mark\page-templates\landing.php(23): get_footer()
#7 D:\xampp\htdocs\markwp\wp-includes\template-loader.php(106): include('D:\\xampp\\htdocs...')
#8 D:\xampp\htdocs\markwp\wp-blog-header.php(19): require_once('D:\\xampp\\htd in D:\xampp\htdocs\markwp\wp-content\plugins\mark-companion\widgets\mark-social-widget.php on line 35

2020-05-03T10:22:59+00:00 CRITICAL Uncaught Error: Call to undefined function wp_kese_post() in D:\xampp\htdocs\markwp\wp-content\plugins\mark-companion\widgets\mark-social-widget.php:35
Stack trace:
#0 D:\xampp\htdocs\markwp\wp-includes\class-wp-widget.php(380): MarkSocialIcons_Widget->widget(Array, Array)
#1 D:\xampp\htdocs\markwp\wp-includes\widgets.php(805): WP_Widget->display_callback(Array, Array)
#2 D:\xampp\htdocs\markwp\wp-content\themes\mark\footer.php(12): dynamic_sidebar('footer-left')
#3 D:\xampp\htdocs\markwp\wp-includes\template.php(723): require_once('D:\\xampp\\htdocs...')
#4 D:\xampp\htdocs\markwp\wp-includes\template.php(672): load_template('D:\\xampp\\htdocs...', true)
#5 D:\xampp\htdocs\markwp\wp-includes\general-template.php(76): locate_template(Array, true)
#6 D:\xampp\htdocs\markwp\wp-content\themes\mark\index.php(973): get_footer()
#7 D:\xampp\htdocs\markwp\wp-includes\template-loader.php(106): include('D:\\xampp\\htdocs...')
#8 D:\xampp\htdocs\markwp\wp-blog-header.php(19): require_once('D:\\xampp\\htdocs...')
#9 D:\x in D:\xampp\htdocs\markwp\wp-content\plugins\mark-companion\widgets\mark-social-widget.php on line 35

2020-05-03T10:24:06+00:00 CRITICAL Uncaught Error: Call to undefined function wp_kese_post() in D:\xampp\htdocs\markwp\wp-content\plugins\mark-companion\widgets\mark-social-widget.php:35
Stack trace:
#0 D:\xampp\htdocs\markwp\wp-includes\class-wp-widget.php(380): MarkSocialIcons_Widget->widget(Array, Array)
#1 D:\xampp\htdocs\markwp\wp-includes\widgets.php(805): WP_Widget->display_callback(Array, Array)
#2 D:\xampp\htdocs\markwp\wp-content\themes\mark\footer.php(12): dynamic_sidebar('footer-left')
#3 D:\xampp\htdocs\markwp\wp-includes\template.php(723): require_once('D:\\xampp\\htdocs...')
#4 D:\xampp\htdocs\markwp\wp-includes\template.php(672): load_template('D:\\xampp\\htdocs...', true)
#5 D:\xampp\htdocs\markwp\wp-includes\general-template.php(76): locate_template(Array, true)
#6 D:\xampp\htdocs\markwp\wp-content\themes\mark\page-templates\landing.php(23): get_footer()
#7 D:\xampp\htdocs\markwp\wp-includes\template-loader.php(106): include('D:\\xampp\\htdocs...')
#8 D:\xampp\htdocs\markwp\wp-blog-header.php(19): require_once('D:\\xampp\\htd in D:\xampp\htdocs\markwp\wp-content\plugins\mark-companion\widgets\mark-social-widget.php on line 35

2020-05-03T10:24:11+00:00 CRITICAL Uncaught Error: Call to undefined function wp_kese_post() in D:\xampp\htdocs\markwp\wp-content\plugins\mark-companion\widgets\mark-social-widget.php:35
Stack trace:
#0 D:\xampp\htdocs\markwp\wp-includes\class-wp-widget.php(380): MarkSocialIcons_Widget->widget(Array, Array)
#1 D:\xampp\htdocs\markwp\wp-includes\widgets.php(805): WP_Widget->display_callback(Array, Array)
#2 D:\xampp\htdocs\markwp\wp-content\themes\mark\footer.php(12): dynamic_sidebar('footer-left')
#3 D:\xampp\htdocs\markwp\wp-includes\template.php(723): require_once('D:\\xampp\\htdocs...')
#4 D:\xampp\htdocs\markwp\wp-includes\template.php(672): load_template('D:\\xampp\\htdocs...', true)
#5 D:\xampp\htdocs\markwp\wp-includes\general-template.php(76): locate_template(Array, true)
#6 D:\xampp\htdocs\markwp\wp-content\themes\mark\index.php(973): get_footer()
#7 D:\xampp\htdocs\markwp\wp-includes\template-loader.php(106): include('D:\\xampp\\htdocs...')
#8 D:\xampp\htdocs\markwp\wp-blog-header.php(19): require_once('D:\\xampp\\htdocs...')
#9 D:\x in D:\xampp\htdocs\markwp\wp-content\plugins\mark-companion\widgets\mark-social-widget.php on line 35

2020-05-03T23:36:30+00:00 CRITICAL syntax error, unexpected ';' in D:\xampp\htdocs\markwp\wp-content\themes\mark\functions.php on line 171

2020-05-03T23:41:07+00:00 CRITICAL syntax error, unexpected ')' in D:\xampp\htdocs\markwp\wp-content\themes\mark\functions.php on line 55

