2020-04-27T09:36:22+00:00 CRITICAL Maximum execution time of 30 seconds exceeded in D:\xampp\htdocs\markwp\wp-includes\wp-db.php on line 2024

2020-04-27T09:36:28+00:00 CRITICAL Maximum execution time of 30 seconds exceeded in D:\xampp\htdocs\markwp\wp-includes\wp-db.php on line 2024

2020-04-27T09:36:29+00:00 CRITICAL Maximum execution time of 30 seconds exceeded in D:\xampp\htdocs\markwp\wp-content\plugins\woocommerce\packages\woocommerce-rest-api\src\Controllers\Version2\class-wc-rest-setting-options-v2-controller.php on line 19

2020-04-27T09:37:10+00:00 CRITICAL Maximum execution time of 30 seconds exceeded in D:\xampp\htdocs\markwp\wp-includes\wp-db.php on line 2024

2020-04-27T09:37:15+00:00 CRITICAL Maximum execution time of 30 seconds exceeded in D:\xampp\htdocs\markwp\wp-content\plugins\woocommerce\packages\woocommerce-admin\src\API\Reports\Import\Controller.php on line 12

2020-04-27T09:37:25+00:00 CRITICAL Maximum execution time of 30 seconds exceeded in D:\xampp\htdocs\markwp\wp-includes\wp-db.php on line 2024

2020-04-27T09:37:43+00:00 CRITICAL Maximum execution time of 30 seconds exceeded in D:\xampp\htdocs\markwp\wp-includes\wp-db.php on line 2024

2020-04-27T09:37:45+00:00 CRITICAL Maximum execution time of 30 seconds exceeded in D:\xampp\htdocs\markwp\wp-includes\wp-db.php on line 2024

2020-04-27T09:38:02+00:00 CRITICAL Maximum execution time of 30 seconds exceeded in D:\xampp\htdocs\markwp\wp-content\plugins\woocommerce\packages\woocommerce-rest-api\src\Controllers\Version2\class-wc-rest-system-status-v2-controller.php on line 19

2020-04-27T09:47:39+00:00 CRITICAL Maximum execution time of 30 seconds exceeded in D:\xampp\htdocs\markwp\wp-includes\Requests\Transport\cURL.php on line 441

2020-04-27T09:47:40+00:00 CRITICAL Maximum execution time of 30 seconds exceeded in D:\xampp\htdocs\markwp\wp-includes\Requests\Transport\cURL.php on line 463

2020-04-27T09:48:25+00:00 CRITICAL Maximum execution time of 30 seconds exceeded in D:\xampp\htdocs\markwp\wp-includes\Requests\Transport\cURL.php on line 463

2020-04-27T09:48:26+00:00 CRITICAL Maximum execution time of 30 seconds exceeded in D:\xampp\htdocs\markwp\wp-includes\Requests\Transport\cURL.php on line 441

2020-04-27T09:53:00+00:00 CRITICAL Maximum execution time of 30 seconds exceeded in D:\xampp\htdocs\markwp\wp-includes\Requests\Transport\cURL.php on line 463

2020-04-27T09:53:00+00:00 CRITICAL Maximum execution time of 30 seconds exceeded in D:\xampp\htdocs\markwp\wp-includes\Requests\Transport\cURL.php on line 163

2020-04-27T09:53:50+00:00 CRITICAL Maximum execution time of 30 seconds exceeded in D:\xampp\htdocs\markwp\wp-includes\Requests\Transport\cURL.php on line 463

2020-04-27T09:53:51+00:00 CRITICAL Maximum execution time of 30 seconds exceeded in D:\xampp\htdocs\markwp\wp-includes\Requests\Transport\cURL.php on line 463

2020-04-27T09:54:23+00:00 CRITICAL Maximum execution time of 30 seconds exceeded in D:\xampp\htdocs\markwp\wp-includes\Requests\Transport\cURL.php on line 163

2020-04-27T09:54:23+00:00 CRITICAL Maximum execution time of 30 seconds exceeded in D:\xampp\htdocs\markwp\wp-includes\Requests\Transport\cURL.php on line 163

2020-04-27T09:54:39+00:00 CRITICAL Maximum execution time of 30 seconds exceeded in D:\xampp\htdocs\markwp\wp-includes\Requests\Transport\cURL.php on line 463

2020-04-27T09:54:40+00:00 CRITICAL Maximum execution time of 30 seconds exceeded in D:\xampp\htdocs\markwp\wp-includes\Requests\Transport\cURL.php on line 463

2020-04-27T09:55:54+00:00 CRITICAL Maximum execution time of 30 seconds exceeded in D:\xampp\htdocs\markwp\wp-includes\Requests\Transport\cURL.php on line 463

2020-04-27T09:55:54+00:00 CRITICAL Maximum execution time of 30 seconds exceeded in D:\xampp\htdocs\markwp\wp-includes\Requests\Transport\cURL.php on line 441

2020-04-27T09:57:39+00:00 CRITICAL Maximum execution time of 30 seconds exceeded in D:\xampp\htdocs\markwp\wp-includes\Requests\Transport\cURL.php on line 441

2020-04-27T09:57:40+00:00 CRITICAL Maximum execution time of 30 seconds exceeded in D:\xampp\htdocs\markwp\wp-includes\Requests\Transport\cURL.php on line 441

2020-04-27T10:14:52+00:00 CRITICAL Maximum execution time of 30 seconds exceeded in D:\xampp\htdocs\markwp\wp-includes\wp-db.php on line 2024

2020-04-27T10:51:14+00:00 CRITICAL Maximum execution time of 30 seconds exceeded in D:\xampp\htdocs\markwp\wp-includes\wp-db.php on line 2024

2020-04-27T11:00:59+00:00 CRITICAL Maximum execution time of 30 seconds exceeded in D:\xampp\htdocs\markwp\wp-includes\wp-db.php on line 2024

2020-04-27T11:17:35+00:00 CRITICAL Maximum execution time of 30 seconds exceeded in D:\xampp\htdocs\markwp\wp-includes\class-wp-image-editor-gd.php on line 191

2020-04-27T11:31:35+00:00 CRITICAL Maximum execution time of 30 seconds exceeded in D:\xampp\htdocs\markwp\wp-includes\Requests\Transport\cURL.php on line 441

2020-04-27T11:39:29+00:00 CRITICAL Maximum execution time of 30 seconds exceeded in D:\xampp\htdocs\markwp\wp-includes\wp-db.php on line 2024

2020-04-27T13:11:39+00:00 CRITICAL Maximum execution time of 30 seconds exceeded in D:\xampp\htdocs\markwp\wp-includes\class-wp-image-editor-gd.php on line 191

2020-04-27T13:57:22+00:00 CRITICAL Maximum execution time of 30 seconds exceeded in D:\xampp\htdocs\markwp\wp-includes\wp-db.php on line 2024

