2020-04-28T05:35:22+00:00 CRITICAL Maximum execution time of 30 seconds exceeded in D:\xampp\htdocs\markwp\wp-content\plugins\woocommerce\packages\woocommerce-blocks\src\Package.php on line 20

2020-04-28T05:36:59+00:00 CRITICAL Maximum execution time of 30 seconds exceeded in D:\xampp\htdocs\markwp\wp-includes\wp-db.php on line 2024

2020-04-28T05:46:51+00:00 CRITICAL Maximum execution time of 30 seconds exceeded in D:\xampp\htdocs\markwp\wp-includes\wp-db.php on line 2024

2020-04-28T06:53:13+00:00 CRITICAL Maximum execution time of 30 seconds exceeded in D:\xampp\htdocs\markwp\wp-content\plugins\woocommerce\packages\woocommerce-admin\src\API\Reports\Products\DataStore.php on line 10

2020-04-28T08:11:21+00:00 CRITICAL Maximum execution time of 30 seconds exceeded in D:\xampp\htdocs\markwp\wp-admin\admin-footer.php on line 10

2020-04-28T08:14:31+00:00 CRITICAL Maximum execution time of 30 seconds exceeded in D:\xampp\htdocs\markwp\wp-content\themes\mark\library\csf\fields\radio\radio.php on line 1

2020-04-28T08:16:52+00:00 CRITICAL Maximum execution time of 30 seconds exceeded in D:\xampp\htdocs\markwp\wp-content\plugins\woocommerce\packages\woocommerce-admin\src\Install.php on line 10

2020-04-28T08:16:57+00:00 CRITICAL Maximum execution time of 30 seconds exceeded in D:\xampp\htdocs\markwp\wp-includes\wp-db.php on line 2024

2020-04-28T08:35:10+00:00 CRITICAL Maximum execution time of 30 seconds exceeded in D:\xampp\htdocs\markwp\wp-content\themes\mark\library\csf\functions\fallback.php on line 1

2020-04-28T08:51:17+00:00 CRITICAL Maximum execution time of 30 seconds exceeded in D:\xampp\htdocs\markwp\wp-content\plugins\woocommerce\packages\action-scheduler\classes\ActionScheduler_QueueCleaner.php on line 6

2020-04-28T08:51:17+00:00 CRITICAL Maximum execution time of 30 seconds exceeded in D:\xampp\htdocs\markwp\wp-content\plugins\woocommerce\packages\action-scheduler\deprecated\functions.php on line 21

2020-04-28T08:51:17+00:00 CRITICAL Maximum execution time of 30 seconds exceeded in D:\xampp\htdocs\markwp\wp-content\plugins\woocommerce\packages\action-scheduler\deprecated\ActionScheduler_Store_Deprecated.php on line 7

2020-04-28T08:51:19+00:00 CRITICAL Maximum execution time of 30 seconds exceeded in D:\xampp\htdocs\markwp\wp-content\plugins\woocommerce\packages\action-scheduler\classes\abstracts\ActionScheduler.php on line 119

2020-04-28T08:51:19+00:00 CRITICAL Maximum execution time of 30 seconds exceeded in D:\xampp\htdocs\markwp\wp-content\plugins\woocommerce\packages\action-scheduler\classes\ActionScheduler_WPCommentCleaner.php on line 8

2020-04-28T08:51:20+00:00 CRITICAL Maximum execution time of 30 seconds exceeded in D:\xampp\htdocs\markwp\wp-content\plugins\woocommerce\packages\woocommerce-admin\includes\core-functions.php on line 18

2020-04-28T08:51:48+00:00 CRITICAL Maximum execution time of 30 seconds exceeded in D:\xampp\htdocs\markwp\wp-content\plugins\woocommerce\packages\woocommerce-blocks\src\RestApi\Controllers\Variations.php on line 13

2020-04-28T08:51:49+00:00 CRITICAL Maximum execution time of 30 seconds exceeded in D:\xampp\htdocs\markwp\wp-content\plugins\woocommerce\packages\woocommerce-blocks\src\RestApi\Controllers\Variations.php on line 13

2020-04-28T08:51:50+00:00 CRITICAL Maximum execution time of 30 seconds exceeded in D:\xampp\htdocs\markwp\wp-content\plugins\woocommerce\packages\woocommerce-blocks\src\RestApi\Controllers\Variations.php on line 13

2020-04-28T08:51:51+00:00 CRITICAL Maximum execution time of 30 seconds exceeded in D:\xampp\htdocs\markwp\wp-content\plugins\woocommerce\vendor\autoload_packages.php on line 109

2020-04-28T08:51:51+00:00 CRITICAL Maximum execution time of 30 seconds exceeded in D:\xampp\htdocs\markwp\wp-content\plugins\woocommerce\packages\woocommerce-blocks\src\RestApi\StoreApi\Utilities\ProductQuery.php on line 10

2020-04-28T08:51:51+00:00 CRITICAL Maximum execution time of 30 seconds exceeded in D:\xampp\htdocs\markwp\wp-content\plugins\woocommerce\packages\woocommerce-rest-api\src\Controllers\Version2\class-wc-rest-product-variations-v2-controller.php on line 19

2020-04-28T09:34:40+00:00 CRITICAL Maximum execution time of 30 seconds exceeded in D:\xampp\htdocs\markwp\wp-content\plugins\woocommerce\packages\woocommerce-admin\src\API\Reports\Customers\DataStore.php on line 10

2020-04-28T09:42:49+00:00 CRITICAL Maximum execution time of 30 seconds exceeded in D:\xampp\htdocs\markwp\wp-content\themes\mark\library\csf\fields\checkbox\checkbox.php on line 1

2020-04-28T09:47:44+00:00 CRITICAL Maximum execution time of 30 seconds exceeded in D:\xampp\htdocs\markwp\wp-content\plugins\woocommerce\packages\woocommerce-admin\src\API\Reports\Products\DataStore.php on line 10

2020-04-28T09:52:12+00:00 CRITICAL Maximum execution time of 30 seconds exceeded in D:\xampp\htdocs\markwp\wp-content\plugins\woocommerce\packages\woocommerce-admin\src\ReportExporter.php on line 10

