********************************************************************************
DUPLICATOR-LITE PACKAGE-LOG: December 31, 2020 6:55 am
NOTICE: Do NOT post to public sites or forums 
********************************************************************************
VERSION:	1.3.40.1
WORDPRESS:	5.4
PHP INFO:	7.2.11 | SAPI: apache2handler
SERVER:		Apache/2.4.35 (Win32) OpenSSL/1.1.0i PHP/7.2.11 
PHP TIME LIMIT: (0) no time limit imposed 
PHP MAX MEMORY: 4294967296 (128M default) 
MEMORY STACK: 2MB

********************************************************************************
DATABASE:
********************************************************************************
BUILD MODE:   MYSQLDUMP
MYSQLTIMEOUT: 5000
MYSQLDUMP:    Is Supported
SQL CREATED: 20201231_markwp_5e83ed7b633a06a03133_20201231065437_database.sql
SQL FILE SIZE: 1.01MB (1061404)
SQL FILE TIME: 2020-12-31 06:57:23
SQL RUNTIME: 104.93 sec.

********************************************************************************
ARCHIVE (ZIP):
********************************************************************************
ARCHIVE DIR:  D:/xampp/htdocs/markwp
ARCHIVE FILE: 20201231_markwp_5e83ed7b633a06a03133_20201231065437_archive.zip
FILTERS: *OFF*
DIRS:
	not set
FILES:
	not set
EXTS:  not set
----------------------------------------
COMPRESSING
SIZE:	172.04MB
STATS:	Dirs 781 | Files 5,461
SQL ADDED: 20201231_markwp_5e83ed7b633a06a03133_20201231065437_database.sql
ZipArchive Object
(
    [status] => 0
    [statusSys] => 0
    [numFiles] => 6242
    [filename] => D:\xampp\htdocs\markwp\wp-content\backups-dup-lite\tmp\20201231_markwp_5e83ed7b633a06a03133_20201231065437_archive.zip
    [comment] => 
)

FILE ADDED TO ZIP: 6241
COMPRESSION RESULT: '1'
COMPRESSED SIZE: 111.95MB
ARCHIVE RUNTIME: 293.46 sec.
MEMORY STACK: 4MB
building installer
add_extra_files1
add_extra_files2
add_extra_files3
add_extra_files4
Doing archive file check
add_extra_files5
add_extra_files6
add_extra_files8
Successfully opened zip D:/xampp/htdocs/markwp/wp-content/backups-dup-lite/tmp/20201231_markwp_5e83ed7b633a06a03133_20201231065437_archive.zip
Adding enhanced installer files to archive using ZipArchive
Installer files added to archive
Added to archive
After ziparchive close when adding installer

********************************************************************************
INTEGRITY CHECKS:
********************************************************************************
SQL FILE: 1.01MB
INSTALLER FILE: 61.29KB
ARCHIVE FILE: 113.46MB 
EXPECTED FILE/DIRECTORY COUNT: 6,242
ACTUAL FILE/DIRECTORY COUNT: 6,241
ARCHIVE CONSISTENCY TEST: Pass

********************************************************************************
RECORD ID:[1]
TOTAL PROCESS RUNTIME: 411.14 sec.
PEAK PHP MEMORY USED: 4MB
DONE PROCESSING => 20201231_markwp December 31, 2020 7:02 am

